2022-05-12 11:19:42.323  INFO 11088 --- [restartedMain] EmployeePayrollAppDevelopmentApplication : Starting EmployeePayrollAppDevelopmentApplication using Java 17 on DESKTOP-CHVCRO7 with PID 11088 (C:\Users\NEETA\Development\IdeaProjects\Day7EmployeePayrollAppDevelopment\target\classes started by NEETA in C:\Users\NEETA\Development\IdeaProjects\Day7EmployeePayrollAppDevelopment)
2022-05-12 11:19:42.324 DEBUG 11088 --- [restartedMain] EmployeePayrollAppDevelopmentApplication : Running with Spring Boot v2.6.0, Spring v5.3.13
2022-05-12 11:19:42.325  INFO 11088 --- [restartedMain] EmployeePayrollAppDevelopmentApplication : The following profiles are active: dev
2022-05-12 11:19:43.958  WARN 11088 --- [restartedMain] com.zaxxer.hikari.util.DriverDataSource  : Registered driver with driverClassName=com.mysql.jdbc.Driver was not found, trying direct instantiation.
2022-05-12 11:19:44.436  WARN 11088 --- [restartedMain] JpaBaseConfiguration$JpaWebConfiguration : spring.jpa.open-in-view is enabled by default. Therefore, database queries may be performed during view rendering. Explicitly configure spring.jpa.open-in-view to disable this warning
2022-05-12 11:19:44.632  WARN 11088 --- [restartedMain] ion$DefaultTemplateResolverConfiguration : Cannot find template location: classpath:/templates/ (please add some templates or check your Thymeleaf configuration)
2022-05-12 11:19:44.739  INFO 11088 --- [restartedMain] EmployeePayrollAppDevelopmentApplication : Started EmployeePayrollAppDevelopmentApplication in 2.783 seconds (JVM running for 4.117)
2022-05-12 11:50:29.488  INFO 12044 --- [restartedMain] EmployeePayrollAppDevelopmentApplication : Starting EmployeePayrollAppDevelopmentApplication using Java 17 on DESKTOP-CHVCRO7 with PID 12044 (C:\Users\NEETA\Development\IdeaProjects\Day7EmployeePayrollAppDevelopment\target\classes started by NEETA in C:\Users\NEETA\Development\IdeaProjects\Day7EmployeePayrollAppDevelopment)
2022-05-12 11:50:29.489 DEBUG 12044 --- [restartedMain] EmployeePayrollAppDevelopmentApplication : Running with Spring Boot v2.6.0, Spring v5.3.13
2022-05-12 11:50:29.490  INFO 12044 --- [restartedMain] EmployeePayrollAppDevelopmentApplication : The following profiles are active: dev
2022-05-12 11:50:30.945  WARN 12044 --- [restartedMain] com.zaxxer.hikari.util.DriverDataSource  : Registered driver with driverClassName=com.mysql.jdbc.Driver was not found, trying direct instantiation.
2022-05-12 11:50:31.955  WARN 12044 --- [restartedMain] JpaBaseConfiguration$JpaWebConfiguration : spring.jpa.open-in-view is enabled by default. Therefore, database queries may be performed during view rendering. Explicitly configure spring.jpa.open-in-view to disable this warning
2022-05-12 11:50:32.124  WARN 12044 --- [restartedMain] ion$DefaultTemplateResolverConfiguration : Cannot find template location: classpath:/templates/ (please add some templates or check your Thymeleaf configuration)
2022-05-12 11:50:32.217  INFO 12044 --- [restartedMain] EmployeePayrollAppDevelopmentApplication : Started EmployeePayrollAppDevelopmentApplication in 3.011 seconds (JVM running for 3.7)
2022-05-12 12:01:29.427  INFO 8392 --- [restartedMain] EmployeePayrollAppDevelopmentApplication : Starting EmployeePayrollAppDevelopmentApplication using Java 17 on DESKTOP-CHVCRO7 with PID 8392 (C:\Users\NEETA\Development\IdeaProjects\Day7EmployeePayrollAppDevelopment\target\classes started by NEETA in C:\Users\NEETA\Development\IdeaProjects\Day7EmployeePayrollAppDevelopment)
2022-05-12 12:01:29.429 DEBUG 8392 --- [restartedMain] EmployeePayrollAppDevelopmentApplication : Running with Spring Boot v2.6.0, Spring v5.3.13
2022-05-12 12:01:29.429  INFO 8392 --- [restartedMain] EmployeePayrollAppDevelopmentApplication : The following profiles are active: dev
2022-05-12 12:01:31.081  WARN 8392 --- [restartedMain] com.zaxxer.hikari.util.DriverDataSource  : Registered driver with driverClassName=com.mysql.jdbc.Driver was not found, trying direct instantiation.
2022-05-12 12:01:32.095  WARN 8392 --- [restartedMain] JpaBaseConfiguration$JpaWebConfiguration : spring.jpa.open-in-view is enabled by default. Therefore, database queries may be performed during view rendering. Explicitly configure spring.jpa.open-in-view to disable this warning
2022-05-12 12:01:32.273  WARN 8392 --- [restartedMain] ion$DefaultTemplateResolverConfiguration : Cannot find template location: classpath:/templates/ (please add some templates or check your Thymeleaf configuration)
2022-05-12 12:01:32.371  INFO 8392 --- [restartedMain] EmployeePayrollAppDevelopmentApplication : Started EmployeePayrollAppDevelopmentApplication in 3.273 seconds (JVM running for 3.997)
2022-05-12 12:10:07.075  INFO 12232 --- [restartedMain] EmployeePayrollAppDevelopmentApplication : Starting EmployeePayrollAppDevelopmentApplication using Java 17 on DESKTOP-CHVCRO7 with PID 12232 (C:\Users\NEETA\Development\IdeaProjects\Day7EmployeePayrollAppDevelopment\target\classes started by NEETA in C:\Users\NEETA\Development\IdeaProjects\Day7EmployeePayrollAppDevelopment)
2022-05-12 12:10:07.075 DEBUG 12232 --- [restartedMain] EmployeePayrollAppDevelopmentApplication : Running with Spring Boot v2.6.0, Spring v5.3.13
2022-05-12 12:10:07.075  INFO 12232 --- [restartedMain] EmployeePayrollAppDevelopmentApplication : The following profiles are active: dev
2022-05-12 12:10:08.524  WARN 12232 --- [restartedMain] com.zaxxer.hikari.util.DriverDataSource  : Registered driver with driverClassName=com.mysql.jdbc.Driver was not found, trying direct instantiation.
2022-05-12 12:10:09.359  WARN 12232 --- [restartedMain] JpaBaseConfiguration$JpaWebConfiguration : spring.jpa.open-in-view is enabled by default. Therefore, database queries may be performed during view rendering. Explicitly configure spring.jpa.open-in-view to disable this warning
2022-05-12 12:10:09.527  WARN 12232 --- [restartedMain] ion$DefaultTemplateResolverConfiguration : Cannot find template location: classpath:/templates/ (please add some templates or check your Thymeleaf configuration)
2022-05-12 12:10:09.633  INFO 12232 --- [restartedMain] EmployeePayrollAppDevelopmentApplication : Started EmployeePayrollAppDevelopmentApplication in 2.836 seconds (JVM running for 3.491)
